\BOOKMARK [0][-]{chapter.1}{1\040Introduction}{}% 1
\BOOKMARK [1][-]{section.1.1}{1.1\040Related\040Work}{chapter.1}% 2
\BOOKMARK [2][-]{subsection.1.1.1}{1.1.1\040V-Disparity}{section.1.1}% 3
\BOOKMARK [2][-]{subsection.1.1.2}{1.1.2\040Lidar\040to\040camera\040projection}{section.1.1}% 4
\BOOKMARK [1][-]{section.1.2}{1.2\040Structure\040of\040this\040report}{chapter.1}% 5
\BOOKMARK [0][-]{chapter.2}{2\040Method}{}% 6
\BOOKMARK [1][-]{section.2.1}{2.1\040V-Disparity}{chapter.2}% 7
\BOOKMARK [2][-]{subsection.2.1.1}{2.1.1\040Disparity\040Map}{section.2.1}% 8
\BOOKMARK [2][-]{subsection.2.1.2}{2.1.2\040V-Disparity}{section.2.1}% 9
\BOOKMARK [1][-]{section.2.2}{2.2\040Lidar\040Camera\040Projection}{chapter.2}% 10
\BOOKMARK [0][-]{chapter.3}{3\040Implementation}{}% 11
\BOOKMARK [1][-]{section.3.1}{3.1\040V-Disparity\040Implementation}{chapter.3}% 12
\BOOKMARK [1][-]{section.3.2}{3.2\040Hardware}{chapter.3}% 13
\BOOKMARK [1][-]{section.3.3}{3.3\040Code\040implementation}{chapter.3}% 14
\BOOKMARK [2][-]{subsection.3.3.1}{3.3.1\040V-Disparity}{section.3.3}% 15
\BOOKMARK [2][-]{subsection.3.3.2}{3.3.2\040Lidar\040to\040camera\040projection}{section.3.3}% 16
\BOOKMARK [0][-]{chapter.4}{4\040Results}{}% 17
\BOOKMARK [0][-]{chapter.5}{5\040Conclusion}{}% 18
\BOOKMARK [1][-]{subsection.5.0.1}{5.0.1\040Future\040Work}{chapter.5}% 19
\BOOKMARK [0][-]{appendix.A}{A\040AppendixChapter}{}% 20
\BOOKMARK [0][-]{appendix*.6}{Bibliography}{}% 21
